<?xml version="1.0" encoding="UTF-8"?>
<testng-results skipped="0" failed="0" total="1" passed="1">
  <reporter-output>
  </reporter-output>
  <suite name="Default suite" duration-ms="58517" started-at="2016-04-20T09:26:28Z" finished-at="2016-04-20T09:27:26Z">
    <groups>
    </groups>
    <test name="Default test" duration-ms="58517" started-at="2016-04-20T09:26:28Z" finished-at="2016-04-20T09:27:26Z">
      <class name="Automation.NewTest">
        <test-method status="PASS" signature="setUp()[pri:0, instance:Automation.NewTest@fbd816]" name="setUp" is-config="true" duration-ms="35394" started-at="2016-04-20T14:56:28Z" finished-at="2016-04-20T14:57:03Z">
          <reporter-output>
          </reporter-output>
        </test-method> <!-- setUp -->
        <test-method status="PASS" signature="Career()[pri:0, instance:Automation.NewTest@fbd816]" name="Career" duration-ms="21743" started-at="2016-04-20T14:57:03Z" finished-at="2016-04-20T14:57:25Z">
          <reporter-output>
          </reporter-output>
        </test-method> <!-- Career -->
        <test-method status="PASS" signature="tearDown()[pri:0, instance:Automation.NewTest@fbd816]" name="tearDown" is-config="true" duration-ms="1354" started-at="2016-04-20T14:57:25Z" finished-at="2016-04-20T14:57:26Z">
          <reporter-output>
          </reporter-output>
        </test-method> <!-- tearDown -->
      </class> <!-- Automation.NewTest -->
    </test> <!-- Default test -->
  </suite> <!-- Default suite -->
</testng-results>
